2025-09-27 09:58:34,520 [INFO] __main__: === Starting demo_request.py ===
2025-09-27 09:58:34,520 [INFO] __main__: Starting GET request to https://jsonplaceholder.typicode.com/users
2025-09-27 09:58:34,861 [ERROR] __main__: Unexpected error during GET /users: 'charmap' codec can't encode character '\u2705' in position 0: character maps to <undefined>
Traceback (most recent call last):
  File "e:\Py-Projects-Vault\PyProject\rest api\demo_request.py", line 40, in safe_get_users
    print("✅ GET successful. First user:", users[0])
  File "C:\Users\surface\AppData\Local\Programs\Python\Python312\Lib\encodings\cp1252.py", line 19, in encode
    return codecs.charmap_encode(input,self.errors,encoding_table)[0]
           ^^^^^^^^^^^^^^^^^^^^^^^^^^^^^^^^^^^^^^^^^^^^^^^^^^^^^^^
UnicodeEncodeError: 'charmap' codec can't encode character '\u2705' in position 0: character maps to <undefined>
2025-09-27 09:58:34,879 [INFO] __main__: Starting POST request to https://jsonplaceholder.typicode.com/posts
2025-09-27 09:58:37,294 [ERROR] __main__: Unexpected error during POST /posts: 'charmap' codec can't encode character '\u2705' in position 0: character maps to <undefined>
Traceback (most recent call last):
  File "e:\Py-Projects-Vault\PyProject\rest api\demo_request.py", line 84, in safe_posts
    print("✅ POST successful. New post:", response_post.json())
  File "C:\Users\surface\AppData\Local\Programs\Python\Python312\Lib\encodings\cp1252.py", line 19, in encode
    return codecs.charmap_encode(input,self.errors,encoding_table)[0]
           ^^^^^^^^^^^^^^^^^^^^^^^^^^^^^^^^^^^^^^^^^^^^^^^^^^^^^^^
UnicodeEncodeError: 'charmap' codec can't encode character '\u2705' in position 0: character maps to <undefined>
2025-09-27 09:58:37,295 [INFO] __main__: === Script completed ===
2025-09-27 09:59:55,845 [INFO] __main__: === Starting demo_request.py ===
2025-09-27 09:59:55,845 [INFO] __main__: Starting GET request to https://jsonplaceholder.typicode.com/users
2025-09-27 09:59:56,031 [ERROR] __main__: Unexpected error during GET /users: 'charmap' codec can't encode character '\u2705' in position 0: character maps to <undefined>
Traceback (most recent call last):
  File "e:\Py-Projects-Vault\PyProject\rest api\demo_request.py", line 40, in safe_get_users
    print("✅ GET successful. First user:", users[0])
  File "C:\Users\surface\AppData\Local\Programs\Python\Python312\Lib\encodings\cp1252.py", line 19, in encode
    return codecs.charmap_encode(input,self.errors,encoding_table)[0]
           ^^^^^^^^^^^^^^^^^^^^^^^^^^^^^^^^^^^^^^^^^^^^^^^^^^^^^^^
UnicodeEncodeError: 'charmap' codec can't encode character '\u2705' in position 0: character maps to <undefined>
2025-09-27 09:59:56,032 [INFO] __main__: Starting POST request to https://jsonplaceholder.typicode.com/posts
2025-09-27 09:59:57,239 [ERROR] __main__: Unexpected error during POST /posts: 'charmap' codec can't encode character '\u2705' in position 0: character maps to <undefined>
Traceback (most recent call last):
  File "e:\Py-Projects-Vault\PyProject\rest api\demo_request.py", line 85, in safe_posts
    print("✅ POST successful. New post:", post_data)
  File "C:\Users\surface\AppData\Local\Programs\Python\Python312\Lib\encodings\cp1252.py", line 19, in encode
    return codecs.charmap_encode(input,self.errors,encoding_table)[0]
           ^^^^^^^^^^^^^^^^^^^^^^^^^^^^^^^^^^^^^^^^^^^^^^^^^^^^^^^
UnicodeEncodeError: 'charmap' codec can't encode character '\u2705' in position 0: character maps to <undefined>
2025-09-27 09:59:57,240 [INFO] __main__: === Script completed ===
